<?xml version="1.0" encoding="UTF-8"?>
<!-- Generated by org.testng.reporters.JUnitReportReporter -->
<testsuite hostname="Padam-PC" failures="0" tests="1" name="qatestproject.Mavenjava.RestApiTest" time="0.062" errors="0" timestamp="2021-04-03T11:39:52 IST" skipped="0">
  <testcase classname="qatestproject.Mavenjava.RestApiTest" name="deleteTwitter" time="0.062"/>
  <system-out/>
</testsuite> <!-- qatestproject.Mavenjava.RestApiTest -->
