<?xml version="1.0" encoding="UTF-8"?>
<!-- Generated by org.testng.reporters.JUnitReportReporter -->
<testsuite hostname="Padam-PC" failures="0" tests="2" name="qatestproject.Mavenjava.AppiunTest" time="0.000" errors="0" timestamp="2021-04-05T17:21:06 IST" skipped="0">
  <testcase classname="qatestproject.Mavenjava.AppiunTest" name="NativeAppAndroid" time="0.000"/>
  <system-out/>
  <testcase classname="qatestproject.Mavenjava.AppiunTest" name="IosApp" time="0.000"/>
  <system-out/>
</testsuite> <!-- qatestproject.Mavenjava.AppiunTest -->
