<?xml version="1.0" encoding="UTF-8"?>
<!-- Generated by org.testng.reporters.JUnitReportReporter -->
<testsuite hostname="Padam-PC" failures="0" tests="2" name="qatestproject.Mavenjava.RestApiTest" time="0.011" errors="0" timestamp="2021-04-05T17:21:06 IST" skipped="0">
  <testcase classname="qatestproject.Mavenjava.RestApiTest" name="deleteTwitter" time="0.010"/>
  <system-out/>
  <testcase classname="qatestproject.Mavenjava.RestApiTest" name="postJira" time="0.001"/>
  <system-out/>
</testsuite> <!-- qatestproject.Mavenjava.RestApiTest -->
