<?xml version="1.0" encoding="UTF-8"?>
<!-- Generated by org.testng.reporters.JUnitReportReporter -->
<testsuite hostname="Padam-PC" failures="0" tests="2" name="qatestproject.Mavenjava.Se4leniumTest" time="0.001" errors="0" timestamp="2021-04-05T17:20:34 IST" skipped="0">
  <testcase classname="qatestproject.Mavenjava.Se4leniumTest" name="BrowserAutomation" time="0.001"/>
  <system-out/>
  <testcase classname="qatestproject.Mavenjava.Se4leniumTest" name="elementui" time="0.000"/>
  <system-out/>
</testsuite> <!-- qatestproject.Mavenjava.Se4leniumTest -->
